[2011-03-21 02:40:33] GEM_HOME='/Users/hamhei/.rvm/gems/ruby-1.9.1-p431' GEM_PATH='/Users/hamhei/.rvm/gems/ruby-1.9.1-p431'  gem install rake   
Updating class cache with 0 classes...
Error loading gem paths on load path in gem_prelude
can't modify frozen string
<internal:gem_prelude>:69:in `force_encoding'
<internal:gem_prelude>:69:in `set_home'
<internal:gem_prelude>:38:in `dir'
<internal:gem_prelude>:76:in `set_paths'
<internal:gem_prelude>:47:in `path'
<internal:gem_prelude>:286:in `push_all_highest_version_gems_on_load_path'
<internal:gem_prelude>:355:in `<compiled>'
Successfully installed rake-0.8.7
1 gem installed
Installing ri documentation for rake-0.8.7...
Installing RDoc documentation for rake-0.8.7...
[2011-03-21 02:40:50] GEM_HOME='/Users/hamhei/.rvm/gems/ruby-1.9.1-p431@global' GEM_PATH='/Users/hamhei/.rvm/gems/ruby-1.9.1-p431@global'  gem install rake   
Updating class cache with 0 classes...
Error loading gem paths on load path in gem_prelude
can't modify frozen string
<internal:gem_prelude>:69:in `force_encoding'
<internal:gem_prelude>:69:in `set_home'
<internal:gem_prelude>:38:in `dir'
<internal:gem_prelude>:76:in `set_paths'
<internal:gem_prelude>:47:in `path'
<internal:gem_prelude>:286:in `push_all_highest_version_gems_on_load_path'
<internal:gem_prelude>:355:in `<compiled>'
Successfully installed rake-0.8.7
1 gem installed
Installing ri documentation for rake-0.8.7...
Installing RDoc documentation for rake-0.8.7...
